This file contains any messages produced by compilers while
running configure, to aid debugging if configure makes a mistake.

It was created by json configure 1.2, which was
generated by GNU Autoconf 2.63.  Invocation command line was

  $ ./configure 

## --------- ##
## Platform. ##
## --------- ##

hostname = themans-mac.local
uname -m = i386
uname -r = 10.4.0
uname -s = Darwin
uname -v = Darwin Kernel Version 10.4.0: Fri Apr 23 18:28:53 PDT 2010; root:xnu-1504.7.4~1/RELEASE_I386

/usr/bin/uname -p = i386
/bin/uname -X     = unknown

/bin/arch              = unknown
/usr/bin/arch -k       = unknown
/usr/convex/getsysinfo = unknown
/usr/bin/hostinfo      = Mach kernel version:
	 Darwin Kernel Version 10.4.0: Fri Apr 23 18:28:53 PDT 2010; root:xnu-1504.7.4~1/RELEASE_I386
Kernel configured for up to 4 processors.
2 processors are physically available.
4 processors are logically available.
Processor type: i486 (Intel 80486)
Processors active: 0 1 2 3
Primary memory available: 4.00 gigabytes
Default processor set: 68 tasks, 341 threads, 4 processors
Load average: 0.64, Mach factor: 3.34
/bin/machine           = unknown
/usr/bin/oslevel       = unknown
/bin/universe          = unknown

PATH: /opt/tinyos-2.1.1-tools/bin
PATH: /opt/nesc/bin
PATH: /opt/msp430/bin
PATH: /opt/avr/bin
PATH: /opt/deputy/bin
PATH: /usr/bin
PATH: /bin
PATH: /usr/sbin
PATH: /sbin
PATH: /usr/local/bin
PATH: /usr/local/git/bin
PATH: /usr/texbin
PATH: /usr/X11/bin


## ----------- ##
## Core tests. ##
## ----------- ##

configure:2063: checking for a BSD-compatible install
configure:2131: result: /usr/bin/install -c
configure:2142: checking whether build environment is sane
configure:2185: result: yes
configure:2210: checking for a thread-safe mkdir -p
configure:2249: result: ./install-sh -c -d
configure:2262: checking for gawk
configure:2292: result: no
configure:2262: checking for mawk
configure:2292: result: no
configure:2262: checking for nawk
configure:2292: result: no
configure:2262: checking for awk
configure:2278: found /usr/bin/awk
configure:2289: result: awk
configure:2300: checking whether make sets $(MAKE)
configure:2322: result: yes
configure:2562: checking for gcc
configure:2578: found /usr/bin/gcc
configure:2589: result: gcc
configure:2821: checking for C compiler version
configure:2829: gcc --version >&5
i686-apple-darwin10-gcc-4.2.1 (GCC) 4.2.1 (Apple Inc. build 5664)
Copyright (C) 2007 Free Software Foundation, Inc.
This is free software; see the source for copying conditions.  There is NO
warranty; not even for MERCHANTABILITY or FITNESS FOR A PARTICULAR PURPOSE.

configure:2833: $? = 0
configure:2840: gcc -v >&5
Using built-in specs.
Target: i686-apple-darwin10
Configured with: /var/tmp/gcc/gcc-5664~38/src/configure --disable-checking --enable-werror --prefix=/usr --mandir=/share/man --enable-languages=c,objc,c++,obj-c++ --program-transform-name=/^[cg][^.-]*$/s/$/-4.2/ --with-slibdir=/usr/lib --build=i686-apple-darwin10 --program-prefix=i686-apple-darwin10- --host=x86_64-apple-darwin10 --target=i686-apple-darwin10 --with-gxx-include-dir=/include/c++/4.2.1
Thread model: posix
gcc version 4.2.1 (Apple Inc. build 5664)
configure:2844: $? = 0
configure:2851: gcc -V >&5
gcc-4.2: argument to `-V' is missing
configure:2855: $? = 1
configure:2878: checking for C compiler default output file name
configure:2900: gcc    conftest.c  >&5
configure:2904: $? = 0
configure:2942: result: a.out
configure:2961: checking whether the C compiler works
configure:2971: ./a.out
configure:2975: $? = 0
configure:2994: result: yes
configure:3001: checking whether we are cross compiling
configure:3003: result: no
configure:3006: checking for suffix of executables
configure:3013: gcc -o conftest    conftest.c  >&5
configure:3017: $? = 0
configure:3043: result: 
configure:3049: checking for suffix of object files
configure:3075: gcc -c   conftest.c >&5
configure:3079: $? = 0
configure:3104: result: o
configure:3108: checking whether we are using the GNU C compiler
configure:3137: gcc -c   conftest.c >&5
configure:3144: $? = 0
configure:3161: result: yes
configure:3170: checking whether gcc accepts -g
configure:3200: gcc -c -g  conftest.c >&5
configure:3207: $? = 0
configure:3308: result: yes
configure:3325: checking for gcc option to accept ISO C89
configure:3399: gcc  -c -g -O2  conftest.c >&5
configure:3406: $? = 0
configure:3429: result: none needed
configure:3458: checking for style of include used by make
configure:3486: result: GNU
configure:3511: checking dependency style of gcc
configure:3602: result: gcc3
configure:3618: checking whether gcc and cc understand -c and -o together
configure:3653: gcc -c conftest.c -o conftest2.o >&5
configure:3657: $? = 0
configure:3663: gcc -c conftest.c -o conftest2.o >&5
configure:3667: $? = 0
configure:3678: cc -c conftest.c >&5
configure:3682: $? = 0
configure:3690: cc -c conftest.c -o conftest2.o >&5
configure:3694: $? = 0
configure:3700: cc -c conftest.c -o conftest2.o >&5
configure:3704: $? = 0
configure:3722: result: yes
configure:3780: checking build system type
configure:3798: result: i386-apple-darwin10.4.0
configure:3820: checking host system type
configure:3835: result: i386-apple-darwin10.4.0
configure:3857: checking for a sed that does not truncate output
configure:3923: result: /usr/bin/sed
configure:3941: checking for grep that handles long lines and -e
configure:4001: result: /usr/bin/grep
configure:4006: checking for egrep
configure:4070: result: /usr/bin/grep -E
configure:4075: checking for fgrep
configure:4139: result: /usr/bin/grep -F
configure:4174: checking for ld used by gcc
configure:4241: result: /usr/libexec/gcc/i686-apple-darwin10/4.2.1/ld
configure:4250: checking if the linker (/usr/libexec/gcc/i686-apple-darwin10/4.2.1/ld) is GNU ld
configure:4265: result: no
configure:4277: checking for BSD- or MS-compatible name lister (nm)
configure:4326: result: /usr/bin/nm
configure:4444: checking the name lister (/usr/bin/nm) interface
configure:4451: gcc -c -g -O2  conftest.c >&5
configure:4454: /usr/bin/nm "conftest.o"
configure:4457: output
00000000000001a8 D _some_variable
configure:4464: result: BSD nm
configure:4467: checking whether ln -s works
configure:4471: result: yes
configure:4479: checking the maximum length of command line arguments
configure:4599: result: 196608
configure:4616: checking whether the shell understands some XSI constructs
configure:4626: result: yes
configure:4630: checking whether the shell understands "+="
configure:4636: result: yes
configure:4671: checking for /usr/libexec/gcc/i686-apple-darwin10/4.2.1/ld option to reload object files
configure:4678: result: -r
configure:4747: checking for objdump
configure:4777: result: no
configure:4806: checking how to recognize dependent libraries
configure:5002: result: pass_all
configure:5062: checking for ar
configure:5078: found /usr/bin/ar
configure:5089: result: ar
configure:5167: checking for strip
configure:5183: found /usr/bin/strip
configure:5194: result: strip
configure:5266: checking for ranlib
configure:5282: found /usr/bin/ranlib
configure:5293: result: ranlib
configure:5383: checking command to parse /usr/bin/nm output from gcc object
configure:5501: gcc -c -g -O2  conftest.c >&5
configure:5504: $? = 0
configure:5508: /usr/bin/nm conftest.o \| sed -n -e 's/^.*[	 ]\([BCDEGRST][BCDEGRST]*\)[	 ][	 ]*\([_A-Za-z][_A-Za-z0-9]*\)$/\1 \2 \2/p' \> conftest.nm
configure:5511: $? = 0
cannot find nm_test_var in conftest.nm
configure:5501: gcc -c -g -O2  conftest.c >&5
configure:5504: $? = 0
configure:5508: /usr/bin/nm conftest.o \| sed -n -e 's/^.*[	 ]\([BCDEGRST][BCDEGRST]*\)[	 ][	 ]*_\([_A-Za-z][_A-Za-z0-9]*\)$/\1 _\2 \2/p' \> conftest.nm
configure:5511: $? = 0
configure:5565: gcc -o conftest -g -O2   conftest.c conftstm.o >&5
configure:5568: $? = 0
configure:5606: result: ok
configure:5900: checking for dsymutil
configure:5916: found /usr/bin/dsymutil
configure:5927: result: dsymutil
configure:5992: checking for nmedit
configure:6008: found /usr/bin/nmedit
configure:6019: result: nmedit
configure:6084: checking for lipo
configure:6100: found /usr/bin/lipo
configure:6111: result: lipo
configure:6176: checking for otool
configure:6192: found /usr/bin/otool
configure:6203: result: otool
configure:6268: checking for otool64
configure:6298: result: no
configure:6343: checking for -single_module linker flag
gcc -g -O2  -o libconftest.dylib -dynamiclib -Wl,-single_module conftest.c
configure:6370: result: yes
configure:6372: checking for -exported_symbols_list linker flag
configure:6402: gcc -o conftest -g -O2   -Wl,-exported_symbols_list,conftest.sym conftest.c  >&5
configure:6409: $? = 0
configure:6431: result: yes
configure:6473: checking how to run the C preprocessor
configure:6513: gcc -E  conftest.c
configure:6520: $? = 0
configure:6551: gcc -E  conftest.c
conftest.c:10:28: error: ac_nonexistent.h: No such file or directory
configure:6558: $? = 1
configure: failed program was:
| /* confdefs.h.  */
| #define PACKAGE_NAME "json"
| #define PACKAGE_TARNAME "json"
| #define PACKAGE_VERSION "1.2"
| #define PACKAGE_STRING "json 1.2"
| #define PACKAGE_BUGREPORT ""
| #define PACKAGE "json"
| #define VERSION "1.2"
| /* end confdefs.h.  */
| #include <ac_nonexistent.h>
configure:6591: result: gcc -E
configure:6620: gcc -E  conftest.c
configure:6627: $? = 0
configure:6658: gcc -E  conftest.c
conftest.c:10:28: error: ac_nonexistent.h: No such file or directory
configure:6665: $? = 1
configure: failed program was:
| /* confdefs.h.  */
| #define PACKAGE_NAME "json"
| #define PACKAGE_TARNAME "json"
| #define PACKAGE_VERSION "1.2"
| #define PACKAGE_STRING "json 1.2"
| #define PACKAGE_BUGREPORT ""
| #define PACKAGE "json"
| #define VERSION "1.2"
| /* end confdefs.h.  */
| #include <ac_nonexistent.h>
configure:6705: checking for ANSI C header files
configure:6735: gcc -c -g -O2  conftest.c >&5
configure:6742: $? = 0
configure:6841: gcc -o conftest -g -O2   conftest.c  >&5
configure:6845: $? = 0
configure:6851: ./conftest
configure:6855: $? = 0
configure:6873: result: yes
configure:6897: checking for sys/types.h
configure:6918: gcc -c -g -O2  conftest.c >&5
configure:6925: $? = 0
configure:6942: result: yes
configure:6897: checking for sys/stat.h
configure:6918: gcc -c -g -O2  conftest.c >&5
configure:6925: $? = 0
configure:6942: result: yes
configure:6897: checking for stdlib.h
configure:6918: gcc -c -g -O2  conftest.c >&5
configure:6925: $? = 0
configure:6942: result: yes
configure:6897: checking for string.h
configure:6918: gcc -c -g -O2  conftest.c >&5
configure:6925: $? = 0
configure:6942: result: yes
configure:6897: checking for memory.h
configure:6918: gcc -c -g -O2  conftest.c >&5
configure:6925: $? = 0
configure:6942: result: yes
configure:6897: checking for strings.h
configure:6918: gcc -c -g -O2  conftest.c >&5
configure:6925: $? = 0
configure:6942: result: yes
configure:6897: checking for inttypes.h
configure:6918: gcc -c -g -O2  conftest.c >&5
configure:6925: $? = 0
configure:6942: result: yes
configure:6897: checking for stdint.h
configure:6918: gcc -c -g -O2  conftest.c >&5
configure:6925: $? = 0
configure:6942: result: yes
configure:6897: checking for unistd.h
configure:6918: gcc -c -g -O2  conftest.c >&5
configure:6925: $? = 0
configure:6942: result: yes
configure:6960: checking for dlfcn.h
configure:6981: gcc -c -g -O2  conftest.c >&5
configure:6988: $? = 0
configure:7005: result: yes
configure:7191: checking for objdir
configure:7206: result: .libs
configure:7498: checking if gcc supports -fno-rtti -fno-exceptions
configure:7516: gcc -c -g -O2  -fno-rtti -fno-exceptions conftest.c >&5
cc1: warning: command line option "-fno-rtti" is valid for C++/ObjC++ but not for C
configure:7520: $? = 0
configure:7533: result: no
configure:7553: checking for gcc option to produce PIC
configure:7825: result: -fno-common -DPIC
configure:7837: checking if gcc PIC flag -fno-common -DPIC works
configure:7855: gcc -c -g -O2  -fno-common -DPIC -DPIC conftest.c >&5
configure:7859: $? = 0
configure:7872: result: yes
configure:7896: checking if gcc static flag -static works
configure:7924: result: no
configure:7939: checking if gcc supports -c -o file.o
configure:7960: gcc -c -g -O2  -o out/conftest2.o conftest.c >&5
configure:7964: $? = 0
configure:7986: result: yes
configure:7994: checking if gcc supports -c -o file.o
configure:8041: result: yes
configure:8074: checking whether the gcc linker (/usr/libexec/gcc/i686-apple-darwin10/4.2.1/ld) supports shared libraries
configure:9149: result: yes
configure:9388: checking dynamic linker characteristics
configure:10083: result: darwin10.4.0 dyld
configure:10185: checking how to hardcode library paths into programs
configure:10210: result: immediate
configure:11043: checking whether stripping libraries is possible
configure:11057: result: yes
configure:11083: checking if libtool supports shared libraries
configure:11085: result: yes
configure:11088: checking whether to build shared libraries
configure:11109: result: yes
configure:11112: checking whether to build static libraries
configure:11116: result: yes
configure:11155: checking for ANSI C header files
configure:11323: result: yes
configure:11352: checking locale.h usability
configure:11369: gcc -c -g -O2  conftest.c >&5
configure:11376: $? = 0
configure:11390: result: yes
configure:11394: checking locale.h presence
configure:11409: gcc -E  conftest.c
configure:11416: $? = 0
configure:11430: result: yes
configure:11458: checking for locale.h
configure:11467: result: yes
configure:11341: checking for memory.h
configure:11348: result: yes
configure:11341: checking for stdlib.h
configure:11348: result: yes
configure:11341: checking for string.h
configure:11348: result: yes
configure:11484: checking for an ANSI C-conforming const
configure:11559: gcc -c -g -O2  conftest.c >&5
configure:11566: $? = 0
configure:11581: result: yes
configure:11591: checking for stdbool.h that conforms to C99
configure:11686: gcc -c -g -O2  conftest.c >&5
configure:11693: $? = 0
configure:11708: result: yes
configure:11710: checking for _Bool
configure:11738: gcc -c -g -O2  conftest.c >&5
configure:11745: $? = 0
configure:11772: gcc -c -g -O2  conftest.c >&5
conftest.c: In function 'main':
conftest.c:63: error: expected expression before ')' token
configure:11779: $? = 1
configure: failed program was:
| /* confdefs.h.  */
| #define PACKAGE_NAME "json"
| #define PACKAGE_TARNAME "json"
| #define PACKAGE_VERSION "1.2"
| #define PACKAGE_STRING "json 1.2"
| #define PACKAGE_BUGREPORT ""
| #define PACKAGE "json"
| #define VERSION "1.2"
| #define STDC_HEADERS 1
| #define HAVE_SYS_TYPES_H 1
| #define HAVE_SYS_STAT_H 1
| #define HAVE_STDLIB_H 1
| #define HAVE_STRING_H 1
| #define HAVE_MEMORY_H 1
| #define HAVE_STRINGS_H 1
| #define HAVE_INTTYPES_H 1
| #define HAVE_STDINT_H 1
| #define HAVE_UNISTD_H 1
| #define HAVE_DLFCN_H 1
| #define LT_OBJDIR ".libs/"
| #define STDC_HEADERS 1
| #define HAVE_LOCALE_H 1
| #define HAVE_MEMORY_H 1
| #define HAVE_STDLIB_H 1
| #define HAVE_STRING_H 1
| /* end confdefs.h.  */
| #include <stdio.h>
| #ifdef HAVE_SYS_TYPES_H
| # include <sys/types.h>
| #endif
| #ifdef HAVE_SYS_STAT_H
| # include <sys/stat.h>
| #endif
| #ifdef STDC_HEADERS
| # include <stdlib.h>
| # include <stddef.h>
| #else
| # ifdef HAVE_STDLIB_H
| #  include <stdlib.h>
| # endif
| #endif
| #ifdef HAVE_STRING_H
| # if !defined STDC_HEADERS && defined HAVE_MEMORY_H
| #  include <memory.h>
| # endif
| # include <string.h>
| #endif
| #ifdef HAVE_STRINGS_H
| # include <strings.h>
| #endif
| #ifdef HAVE_INTTYPES_H
| # include <inttypes.h>
| #endif
| #ifdef HAVE_STDINT_H
| # include <stdint.h>
| #endif
| #ifdef HAVE_UNISTD_H
| # include <unistd.h>
| #endif
| int
| main ()
| {
| if (sizeof ((_Bool)))
| 	  return 0;
|   ;
|   return 0;
| }
configure:11802: result: yes
configure:11821: checking for size_t
configure:11849: gcc -c -g -O2  conftest.c >&5
configure:11856: $? = 0
configure:11883: gcc -c -g -O2  conftest.c >&5
conftest.c: In function 'main':
conftest.c:65: error: expected expression before ')' token
configure:11890: $? = 1
configure: failed program was:
| /* confdefs.h.  */
| #define PACKAGE_NAME "json"
| #define PACKAGE_TARNAME "json"
| #define PACKAGE_VERSION "1.2"
| #define PACKAGE_STRING "json 1.2"
| #define PACKAGE_BUGREPORT ""
| #define PACKAGE "json"
| #define VERSION "1.2"
| #define STDC_HEADERS 1
| #define HAVE_SYS_TYPES_H 1
| #define HAVE_SYS_STAT_H 1
| #define HAVE_STDLIB_H 1
| #define HAVE_STRING_H 1
| #define HAVE_MEMORY_H 1
| #define HAVE_STRINGS_H 1
| #define HAVE_INTTYPES_H 1
| #define HAVE_STDINT_H 1
| #define HAVE_UNISTD_H 1
| #define HAVE_DLFCN_H 1
| #define LT_OBJDIR ".libs/"
| #define STDC_HEADERS 1
| #define HAVE_LOCALE_H 1
| #define HAVE_MEMORY_H 1
| #define HAVE_STDLIB_H 1
| #define HAVE_STRING_H 1
| #define HAVE__BOOL 1
| #define HAVE_STDBOOL_H 1
| /* end confdefs.h.  */
| #include <stdio.h>
| #ifdef HAVE_SYS_TYPES_H
| # include <sys/types.h>
| #endif
| #ifdef HAVE_SYS_STAT_H
| # include <sys/stat.h>
| #endif
| #ifdef STDC_HEADERS
| # include <stdlib.h>
| # include <stddef.h>
| #else
| # ifdef HAVE_STDLIB_H
| #  include <stdlib.h>
| # endif
| #endif
| #ifdef HAVE_STRING_H
| # if !defined STDC_HEADERS && defined HAVE_MEMORY_H
| #  include <memory.h>
| # endif
| # include <string.h>
| #endif
| #ifdef HAVE_STRINGS_H
| # include <strings.h>
| #endif
| #ifdef HAVE_INTTYPES_H
| # include <inttypes.h>
| #endif
| #ifdef HAVE_STDINT_H
| # include <stdint.h>
| #endif
| #ifdef HAVE_UNISTD_H
| # include <unistd.h>
| #endif
| int
| main ()
| {
| if (sizeof ((size_t)))
| 	  return 0;
|   ;
|   return 0;
| }
configure:11913: result: yes
configure:11932: checking for stdlib.h
configure:11939: result: yes
configure:12073: checking for GNU libc compatible malloc
configure:12107: gcc -o conftest -g -O2   conftest.c  >&5
configure:12111: $? = 0
configure:12117: ./conftest
configure:12121: $? = 0
configure:12138: result: yes
configure:12171: checking for stdlib.h
configure:12178: result: yes
configure:12312: checking for GNU libc compatible realloc
configure:12346: gcc -o conftest -g -O2   conftest.c  >&5
configure:12350: $? = 0
configure:12356: ./conftest
configure:12360: $? = 0
configure:12377: result: yes
configure:12410: checking for memset
configure:12466: gcc -o conftest -g -O2   conftest.c  >&5
conftest.c:56: warning: conflicting types for built-in function 'memset'
configure:12473: $? = 0
configure:12495: result: yes
configure:12410: checking for setlocale
configure:12466: gcc -o conftest -g -O2   conftest.c  >&5
configure:12473: $? = 0
configure:12495: result: yes
configure:12632: creating ./config.status

## ---------------------- ##
## Running config.status. ##
## ---------------------- ##

This file was extended by json config.status 1.2, which was
generated by GNU Autoconf 2.63.  Invocation command line was

  CONFIG_FILES    = 
  CONFIG_HEADERS  = 
  CONFIG_LINKS    = 
  CONFIG_COMMANDS = 
  $ ./config.status 

on themans-mac.local

config.status:995: creating mjson.pc
config.status:995: creating Makefile
config.status:995: creating src/Makefile
config.status:995: creating tests/Makefile
config.status:995: creating config.h
config.status:1217: config.h is unchanged
config.status:1269: executing depfiles commands
config.status:1269: executing libtool commands

## ---------------- ##
## Cache variables. ##
## ---------------- ##

ac_cv_build=i386-apple-darwin10.4.0
ac_cv_c_compiler_gnu=yes
ac_cv_c_const=yes
ac_cv_env_CC_set=
ac_cv_env_CC_value=
ac_cv_env_CFLAGS_set=
ac_cv_env_CFLAGS_value=
ac_cv_env_CPPFLAGS_set=
ac_cv_env_CPPFLAGS_value=
ac_cv_env_CPP_set=
ac_cv_env_CPP_value=
ac_cv_env_LDFLAGS_set=
ac_cv_env_LDFLAGS_value=
ac_cv_env_LIBS_set=
ac_cv_env_LIBS_value=
ac_cv_env_build_alias_set=
ac_cv_env_build_alias_value=
ac_cv_env_host_alias_set=
ac_cv_env_host_alias_value=
ac_cv_env_target_alias_set=
ac_cv_env_target_alias_value=
ac_cv_func_malloc_0_nonnull=yes
ac_cv_func_memset=yes
ac_cv_func_realloc_0_nonnull=yes
ac_cv_func_setlocale=yes
ac_cv_header_dlfcn_h=yes
ac_cv_header_inttypes_h=yes
ac_cv_header_locale_h=yes
ac_cv_header_memory_h=yes
ac_cv_header_stdbool_h=yes
ac_cv_header_stdc=yes
ac_cv_header_stdint_h=yes
ac_cv_header_stdlib_h=yes
ac_cv_header_string_h=yes
ac_cv_header_strings_h=yes
ac_cv_header_sys_stat_h=yes
ac_cv_header_sys_types_h=yes
ac_cv_header_unistd_h=yes
ac_cv_host=i386-apple-darwin10.4.0
ac_cv_objext=o
ac_cv_path_EGREP='/usr/bin/grep -E'
ac_cv_path_FGREP='/usr/bin/grep -F'
ac_cv_path_GREP=/usr/bin/grep
ac_cv_path_SED=/usr/bin/sed
ac_cv_path_install='/usr/bin/install -c'
ac_cv_prog_AWK=awk
ac_cv_prog_CPP='gcc -E'
ac_cv_prog_ac_ct_AR=ar
ac_cv_prog_ac_ct_CC=gcc
ac_cv_prog_ac_ct_DSYMUTIL=dsymutil
ac_cv_prog_ac_ct_LIPO=lipo
ac_cv_prog_ac_ct_NMEDIT=nmedit
ac_cv_prog_ac_ct_OTOOL=otool
ac_cv_prog_ac_ct_RANLIB=ranlib
ac_cv_prog_ac_ct_STRIP=strip
ac_cv_prog_cc_c89=
ac_cv_prog_cc_g=yes
ac_cv_prog_cc_gcc_c_o=yes
ac_cv_prog_make_make_set=yes
ac_cv_type__Bool=yes
ac_cv_type_size_t=yes
am_cv_CC_dependencies_compiler_type=gcc3
lt_cv_apple_cc_single_mod=yes
lt_cv_deplibs_check_method=pass_all
lt_cv_file_magic_cmd='$MAGIC_CMD'
lt_cv_file_magic_test_file=
lt_cv_ld_exported_symbols_list=yes
lt_cv_ld_reload_flag=-r
lt_cv_nm_interface='BSD nm'
lt_cv_objdir=.libs
lt_cv_path_LD=/usr/libexec/gcc/i686-apple-darwin10/4.2.1/ld
lt_cv_path_NM=/usr/bin/nm
lt_cv_prog_compiler_c_o=yes
lt_cv_prog_compiler_pic_works=yes
lt_cv_prog_compiler_rtti_exceptions=no
lt_cv_prog_compiler_static_works=no
lt_cv_prog_gnu_ld=no
lt_cv_sys_global_symbol_pipe='sed -n -e '\''s/^.*[	 ]\([BCDEGRST][BCDEGRST]*\)[	 ][	 ]*_\([_A-Za-z][_A-Za-z0-9]*\)$/\1 _\2 \2/p'\'''
lt_cv_sys_global_symbol_to_c_name_address='sed -n -e '\''s/^: \([^ ]*\) $/  {\"\1\", (void *) 0},/p'\'' -e '\''s/^[BCDEGRST]* \([^ ]*\) \([^ ]*\)$/  {"\2", (void *) \&\2},/p'\'''
lt_cv_sys_global_symbol_to_c_name_address_lib_prefix='sed -n -e '\''s/^: \([^ ]*\) $/  {\"\1\", (void *) 0},/p'\'' -e '\''s/^[BCDEGRST]* \([^ ]*\) \(lib[^ ]*\)$/  {"\2", (void *) \&\2},/p'\'' -e '\''s/^[BCDEGRST]* \([^ ]*\) \([^ ]*\)$/  {"lib\2", (void *) \&\2},/p'\'''
lt_cv_sys_global_symbol_to_cdecl='sed -n -e '\''s/^T .* \(.*\)$/extern int \1();/p'\'' -e '\''s/^[BCDEGRST]* .* \(.*\)$/extern char \1;/p'\'''
lt_cv_sys_max_cmd_len=196608

## ----------------- ##
## Output variables. ##
## ----------------- ##

ACLOCAL='${SHELL} /Users/theman/Documents/CSE521S/Project/cse521s_source/gateway_source/json/missing --run aclocal-1.10'
AMDEPBACKSLASH='\'
AMDEP_FALSE='#'
AMDEP_TRUE=''
AMTAR='${SHELL} /Users/theman/Documents/CSE521S/Project/cse521s_source/gateway_source/json/missing --run tar'
AR='ar'
AUTOCONF='${SHELL} /Users/theman/Documents/CSE521S/Project/cse521s_source/gateway_source/json/missing --run autoconf'
AUTOHEADER='${SHELL} /Users/theman/Documents/CSE521S/Project/cse521s_source/gateway_source/json/missing --run autoheader'
AUTOMAKE='${SHELL} /Users/theman/Documents/CSE521S/Project/cse521s_source/gateway_source/json/missing --run automake-1.10'
AWK='awk'
CC='gcc'
CCDEPMODE='depmode=gcc3'
CFLAGS='-g -O2'
CPP='gcc -E'
CPPFLAGS=''
CYGPATH_W='echo'
DEFS='-DHAVE_CONFIG_H'
DEPDIR='.deps'
DSYMUTIL='dsymutil'
DUMPBIN=''
ECHO_C='\c'
ECHO_N=''
ECHO_T=''
EGREP='/usr/bin/grep -E'
EXEEXT=''
FGREP='/usr/bin/grep -F'
GREP='/usr/bin/grep'
INSTALL_DATA='${INSTALL} -m 644'
INSTALL_PROGRAM='${INSTALL}'
INSTALL_SCRIPT='${INSTALL}'
INSTALL_STRIP_PROGRAM='$(install_sh) -c -s'
LD='/usr/libexec/gcc/i686-apple-darwin10/4.2.1/ld'
LDFLAGS=''
LIBOBJS=''
LIBS=''
LIBTOOL='$(SHELL) $(top_builddir)/libtool'
LIPO='lipo'
LN_S='ln -s'
LTLIBOBJS=''
MAKEINFO='${SHELL} /Users/theman/Documents/CSE521S/Project/cse521s_source/gateway_source/json/missing --run makeinfo'
MILESTONE='1.2'
MKDIR_P='./install-sh -c -d'
NM='/usr/bin/nm'
NMEDIT='nmedit'
OBJDUMP='false'
OBJEXT='o'
OTOOL64=':'
OTOOL='otool'
PACKAGE='json'
PACKAGE_BUGREPORT=''
PACKAGE_NAME='json'
PACKAGE_STRING='json 1.2'
PACKAGE_TARNAME='json'
PACKAGE_VERSION='1.2'
PATH_SEPARATOR=':'
RANLIB='ranlib'
SED='/usr/bin/sed'
SET_MAKE=''
SHELL='/bin/sh'
STRIP='strip'
VERSION='1.2'
ac_ct_CC='gcc'
ac_ct_DUMPBIN=''
am__fastdepCC_FALSE='#'
am__fastdepCC_TRUE=''
am__include='include'
am__isrc=''
am__leading_dot='.'
am__quote=''
am__tar='${AMTAR} chof - "$$tardir"'
am__untar='${AMTAR} xf -'
bindir='${exec_prefix}/bin'
build='i386-apple-darwin10.4.0'
build_alias=''
build_cpu='i386'
build_os='darwin10.4.0'
build_vendor='apple'
datadir='${datarootdir}'
datarootdir='${prefix}/share'
docdir='${datarootdir}/doc/${PACKAGE_TARNAME}'
dvidir='${docdir}'
exec_prefix='${prefix}'
host='i386-apple-darwin10.4.0'
host_alias=''
host_cpu='i386'
host_os='darwin10.4.0'
host_vendor='apple'
htmldir='${docdir}'
includedir='${prefix}/include'
infodir='${datarootdir}/info'
install_sh='$(SHELL) /Users/theman/Documents/CSE521S/Project/cse521s_source/gateway_source/json/install-sh'
libdir='${exec_prefix}/lib'
libexecdir='${exec_prefix}/libexec'
localedir='${datarootdir}/locale'
localstatedir='${prefix}/var'
lt_ECHO='/bin/echo'
mandir='${datarootdir}/man'
mkdir_p='$(top_builddir)/./install-sh -c -d'
oldincludedir='/usr/include'
pdfdir='${docdir}'
prefix='/usr/local'
program_transform_name='s,x,x,'
psdir='${docdir}'
sbindir='${exec_prefix}/sbin'
sharedstatedir='${prefix}/com'
sysconfdir='${prefix}/etc'
target_alias=''

## ----------- ##
## confdefs.h. ##
## ----------- ##

#define PACKAGE_NAME "json"
#define PACKAGE_TARNAME "json"
#define PACKAGE_VERSION "1.2"
#define PACKAGE_STRING "json 1.2"
#define PACKAGE_BUGREPORT ""
#define PACKAGE "json"
#define VERSION "1.2"
#define STDC_HEADERS 1
#define HAVE_SYS_TYPES_H 1
#define HAVE_SYS_STAT_H 1
#define HAVE_STDLIB_H 1
#define HAVE_STRING_H 1
#define HAVE_MEMORY_H 1
#define HAVE_STRINGS_H 1
#define HAVE_INTTYPES_H 1
#define HAVE_STDINT_H 1
#define HAVE_UNISTD_H 1
#define HAVE_DLFCN_H 1
#define LT_OBJDIR ".libs/"
#define STDC_HEADERS 1
#define HAVE_LOCALE_H 1
#define HAVE_MEMORY_H 1
#define HAVE_STDLIB_H 1
#define HAVE_STRING_H 1
#define HAVE__BOOL 1
#define HAVE_STDBOOL_H 1
#define HAVE_STDLIB_H 1
#define HAVE_MALLOC 1
#define HAVE_STDLIB_H 1
#define HAVE_REALLOC 1
#define HAVE_MEMSET 1
#define HAVE_SETLOCALE 1

configure: exit 0
