This file contains any messages produced by compilers while
running configure, to aid debugging if configure makes a mistake.

It was created by cmotesdk configure 1.0, which was
generated by GNU Autoconf 2.61.  Invocation command line was

  $ ./configure 

## --------- ##
## Platform. ##
## --------- ##

hostname = themans-mac.lan
uname -m = i386
uname -r = 10.4.0
uname -s = Darwin
uname -v = Darwin Kernel Version 10.4.0: Fri Apr 23 18:28:53 PDT 2010; root:xnu-1504.7.4~1/RELEASE_I386

/usr/bin/uname -p = i386
/bin/uname -X     = unknown

/bin/arch              = unknown
/usr/bin/arch -k       = unknown
/usr/convex/getsysinfo = unknown
/usr/bin/hostinfo      = Mach kernel version:
	 Darwin Kernel Version 10.4.0: Fri Apr 23 18:28:53 PDT 2010; root:xnu-1504.7.4~1/RELEASE_I386
Kernel configured for up to 4 processors.
2 processors are physically available.
4 processors are logically available.
Processor type: i486 (Intel 80486)
Processors active: 0 1 2 3
Primary memory available: 4.00 gigabytes
Default processor set: 76 tasks, 355 threads, 4 processors
Load average: 0.82, Mach factor: 3.16
/bin/machine           = unknown
/usr/bin/oslevel       = unknown
/bin/universe          = unknown

PATH: /opt/tinyos-2.1.1-tools/bin
PATH: /opt/nesc/bin
PATH: /opt/msp430/bin
PATH: /opt/avr/bin
PATH: /opt/deputy/bin
PATH: /usr/bin
PATH: /bin
PATH: /usr/sbin
PATH: /sbin
PATH: /usr/local/bin
PATH: /usr/local/git/bin
PATH: /usr/texbin
PATH: /usr/X11/bin


## ----------- ##
## Core tests. ##
## ----------- ##

configure:1733: checking for a BSD-compatible install
configure:1789: result: /usr/bin/install -c
configure:1800: checking whether build environment is sane
configure:1843: result: yes
configure:1871: checking for a thread-safe mkdir -p
configure:1910: result: config-aux/install-sh -c -d
configure:1923: checking for gawk
configure:1953: result: no
configure:1923: checking for mawk
configure:1953: result: no
configure:1923: checking for nawk
configure:1953: result: no
configure:1923: checking for awk
configure:1939: found /usr/bin/awk
configure:1950: result: awk
configure:1961: checking whether make sets $(MAKE)
configure:1982: result: yes
configure:2219: checking for gcc
configure:2235: found /usr/bin/gcc
configure:2246: result: gcc
configure:2484: checking for C compiler version
configure:2491: gcc --version >&5
i686-apple-darwin10-gcc-4.2.1 (GCC) 4.2.1 (Apple Inc. build 5664)
Copyright (C) 2007 Free Software Foundation, Inc.
This is free software; see the source for copying conditions.  There is NO
warranty; not even for MERCHANTABILITY or FITNESS FOR A PARTICULAR PURPOSE.

configure:2494: $? = 0
configure:2501: gcc -v >&5
Using built-in specs.
Target: i686-apple-darwin10
Configured with: /var/tmp/gcc/gcc-5664~38/src/configure --disable-checking --enable-werror --prefix=/usr --mandir=/share/man --enable-languages=c,objc,c++,obj-c++ --program-transform-name=/^[cg][^.-]*$/s/$/-4.2/ --with-slibdir=/usr/lib --build=i686-apple-darwin10 --program-prefix=i686-apple-darwin10- --host=x86_64-apple-darwin10 --target=i686-apple-darwin10 --with-gxx-include-dir=/include/c++/4.2.1
Thread model: posix
gcc version 4.2.1 (Apple Inc. build 5664)
configure:2504: $? = 0
configure:2511: gcc -V >&5
gcc-4.2: argument to `-V' is missing
configure:2514: $? = 1
configure:2537: checking for C compiler default output file name
configure:2564: gcc    conftest.c  >&5
configure:2567: $? = 0
configure:2605: result: a.out
configure:2622: checking whether the C compiler works
configure:2632: ./a.out
configure:2635: $? = 0
configure:2652: result: yes
configure:2659: checking whether we are cross compiling
configure:2661: result: no
configure:2664: checking for suffix of executables
configure:2671: gcc -o conftest    conftest.c  >&5
configure:2674: $? = 0
configure:2698: result: 
configure:2704: checking for suffix of object files
configure:2730: gcc -c   conftest.c >&5
configure:2733: $? = 0
configure:2756: result: o
configure:2760: checking whether we are using the GNU C compiler
configure:2789: gcc -c   conftest.c >&5
configure:2795: $? = 0
configure:2812: result: yes
configure:2817: checking whether gcc accepts -g
configure:2847: gcc -c -g  conftest.c >&5
configure:2853: $? = 0
configure:2952: result: yes
configure:2969: checking for gcc option to accept ISO C89
configure:3043: gcc  -c -g -O2  conftest.c >&5
configure:3049: $? = 0
configure:3072: result: none needed
configure:3101: checking for style of include used by make
configure:3129: result: GNU
configure:3154: checking dependency style of gcc
configure:3245: result: gcc3
configure:3303: checking for ranlib
configure:3319: found /usr/bin/ranlib
configure:3330: result: ranlib
configure:3473: creating ./config.status

## ---------------------- ##
## Running config.status. ##
## ---------------------- ##

This file was extended by cmotesdk config.status 1.0, which was
generated by GNU Autoconf 2.61.  Invocation command line was

  CONFIG_FILES    = 
  CONFIG_HEADERS  = 
  CONFIG_LINKS    = 
  CONFIG_COMMANDS = 
  $ ./config.status 

on themans-mac.lan

config.status:633: creating Makefile
config.status:633: creating autoconf.h
config.status:849: autoconf.h is unchanged
config.status:895: executing depfiles commands

## ---------------- ##
## Cache variables. ##
## ---------------- ##

ac_cv_c_compiler_gnu=yes
ac_cv_env_CC_set=
ac_cv_env_CC_value=
ac_cv_env_CFLAGS_set=
ac_cv_env_CFLAGS_value=
ac_cv_env_CPPFLAGS_set=
ac_cv_env_CPPFLAGS_value=
ac_cv_env_LDFLAGS_set=
ac_cv_env_LDFLAGS_value=
ac_cv_env_LIBS_set=
ac_cv_env_LIBS_value=
ac_cv_env_build_alias_set=
ac_cv_env_build_alias_value=
ac_cv_env_host_alias_set=
ac_cv_env_host_alias_value=
ac_cv_env_target_alias_set=
ac_cv_env_target_alias_value=
ac_cv_objext=o
ac_cv_path_install='/usr/bin/install -c'
ac_cv_prog_AWK=awk
ac_cv_prog_ac_ct_CC=gcc
ac_cv_prog_ac_ct_RANLIB=ranlib
ac_cv_prog_cc_c89=
ac_cv_prog_cc_g=yes
ac_cv_prog_make_make_set=yes
am_cv_CC_dependencies_compiler_type=gcc3

## ----------------- ##
## Output variables. ##
## ----------------- ##

ACLOCAL='${SHELL} /Users/theman/Documents/CSE521S/Project/cse521s_source/gateway_source/serial/config-aux/missing --run aclocal-1.10'
AMDEPBACKSLASH='\'
AMDEP_FALSE='#'
AMDEP_TRUE=''
AMTAR='${SHELL} /Users/theman/Documents/CSE521S/Project/cse521s_source/gateway_source/serial/config-aux/missing --run tar'
AUTOCONF='${SHELL} /Users/theman/Documents/CSE521S/Project/cse521s_source/gateway_source/serial/config-aux/missing --run autoconf'
AUTOHEADER='${SHELL} /Users/theman/Documents/CSE521S/Project/cse521s_source/gateway_source/serial/config-aux/missing --run autoheader'
AUTOMAKE='${SHELL} /Users/theman/Documents/CSE521S/Project/cse521s_source/gateway_source/serial/config-aux/missing --run automake-1.10'
AWK='awk'
CC='gcc'
CCDEPMODE='depmode=gcc3'
CFLAGS='-g -O2'
CPPFLAGS=''
CYGPATH_W='echo'
DEFS='-DHAVE_CONFIG_H'
DEPDIR='.deps'
ECHO_C='ECHO_N=''
ECHO_T=''
EXEEXT=''
INSTALL_DATA='${INSTALL} -m 644'
INSTALL_PROGRAM='${INSTALL}'
INSTALL_SCRIPT='${INSTALL}'
INSTALL_STRIP_PROGRAM='$(install_sh) -c -s'
LDFLAGS=''
LIBOBJS=''
LIBS=''
LTLIBOBJS=''
MAKEINFO='${SHELL} /Users/theman/Documents/CSE521S/Project/cse521s_source/gateway_source/serial/config-aux/missing --run makeinfo'
OBJEXT='o'
PACKAGE='cmotesdk'
PACKAGE_BUGREPORT=''
PACKAGE_NAME='cmotesdk'
PACKAGE_STRING='cmotesdk 1.0'
PACKAGE_TARNAME='cmotesdk'
PACKAGE_VERSION='1.0'
PATH_SEPARATOR=':'
RANLIB='ranlib'
SET_MAKE=''
SHELL='/bin/sh'
STRIP=''
VERSION='1.0'
ac_ct_CC='gcc'
am__fastdepCC_FALSE='#'
am__fastdepCC_TRUE=''
am__include='include'
am__isrc=''
am__leading_dot='.'
am__quote=''
am__tar='${AMTAR} chof - "$$tardir"'
am__untar='${AMTAR} xf -'
bindir='${exec_prefix}/bin'
build_alias=''
datadir='${datarootdir}'
datarootdir='${prefix}/share'
docdir='${datarootdir}/doc/${PACKAGE_TARNAME}'
dvidir='${docdir}'
exec_prefix='${prefix}'
host_alias=''
htmldir='${docdir}'
includedir='${prefix}/include'
infodir='${datarootdir}/info'
install_sh='$(SHELL) /Users/theman/Documents/CSE521S/Project/cse521s_source/gateway_source/serial/config-aux/install-sh'
libdir='${exec_prefix}/lib'
libexecdir='${exec_prefix}/libexec'
localedir='${datarootdir}/locale'
localstatedir='${prefix}/var'
mandir='${datarootdir}/man'
mkdir_p='$(top_builddir)/config-aux/install-sh -c -d'
oldincludedir='/usr/include'
pdfdir='${docdir}'
prefix='/usr/local'
program_transform_name='s,x,x,'
psdir='${docdir}'
sbindir='${exec_prefix}/sbin'
sharedstatedir='${prefix}/com'
sysconfdir='${prefix}/etc'
target_alias=''

## ----------- ##
## confdefs.h. ##
## ----------- ##

#define PACKAGE_NAME "cmotesdk"
#define PACKAGE_TARNAME "cmotesdk"
#define PACKAGE_VERSION "1.0"
#define PACKAGE_STRING "cmotesdk 1.0"
#define PACKAGE_BUGREPORT ""
#define PACKAGE "cmotesdk"
#define VERSION "1.0"

configure: exit 0
